Namespace(amsgrad=True, ann_path='../iu_xray/annotation.json', batch_size=16, beam_size=3, block_trigrams=1, bos_idx=0, d_ff=512, d_model=512, d_vf=2048, dataset_name='iu_xray', decoding_constraint=0, drop_prob_lm=0.5, dropout=0.1, early_stop=50, eos_idx=0, epochs=100, gamma=0.1, group_size=1, image_dir='../iu_xray/images/', logit_layers=1, lr_ed=0.0001, lr_scheduler='StepLR', lr_ve=5e-05, max_seq_length=60, monitor_metric='BLEU_4', monitor_mode='max', n_gpu=8, num_heads=8, num_layers=3, num_workers=2, optim='Adam', output_logsoftmax=1, pad_idx=0, record_dir='records/', resume=None, rm_d_model=512, rm_num_heads=8, rm_num_slots=3, sample_method='beam_search', sample_n=1, save_dir='results/iu_xray_debug', save_period=1, seed=9223, step_size=100, temperature=1.0, threshold=3, use_bn=0, visual_extractor='resnet101', visual_extractor_pretrained=True, weight_decay=5e-05)
images.size() torch.Size([16, 2, 3, 224, 224])
images.size() torch.Size([16, 2, 3, 224, 224])
images.size() torch.Size([16, 2, 3, 224, 224])
images.size() torch.Size([16, 2, 3, 224, 224])
images.size() torch.Size([16, 2, 3, 224, 224])
images.size() torch.Size([16, 2, 3, 224, 224])
images.size() torch.Size([16, 2, 3, 224, 224])
images.size() torch.Size([16, 2, 3, 224, 224])
images.size() torch.Size([16, 2, 3, 224, 224])
images.size() torch.Size([16, 2, 3, 224, 224])
images.size() torch.Size([16, 2, 3, 224, 224])
images.size() torch.Size([16, 2, 3, 224, 224])
images.size() torch.Size([16, 2, 3, 224, 224])
images.size() torch.Size([16, 2, 3, 224, 224])
images.size() torch.Size([16, 2, 3, 224, 224])
images.size() torch.Size([16, 2, 3, 224, 224])
images.size() torch.Size([16, 2, 3, 224, 224])
images.size() torch.Size([16, 2, 3, 224, 224])
images.size() torch.Size([16, 2, 3, 224, 224])
images.size() torch.Size([16, 2, 3, 224, 224])
images.size() torch.Size([16, 2, 3, 224, 224])
images.size() torch.Size([16, 2, 3, 224, 224])
images.size() torch.Size([16, 2, 3, 224, 224])
images.size() torch.Size([16, 2, 3, 224, 224])
images.size() torch.Size([16, 2, 3, 224, 224])
images.size() torch.Size([16, 2, 3, 224, 224])
images.size() torch.Size([16, 2, 3, 224, 224])
images.size() torch.Size([16, 2, 3, 224, 224])
images.size() torch.Size([16, 2, 3, 224, 224])
images.size() torch.Size([16, 2, 3, 224, 224])
images.size() torch.Size([16, 2, 3, 224, 224])
images.size() torch.Size([16, 2, 3, 224, 224])
images.size() torch.Size([16, 2, 3, 224, 224])
images.size() torch.Size([16, 2, 3, 224, 224])
images.size() torch.Size([16, 2, 3, 224, 224])
images.size() torch.Size([16, 2, 3, 224, 224])
images.size() torch.Size([16, 2, 3, 224, 224])
images.size() torch.Size([16, 2, 3, 224, 224])
images.size() torch.Size([16, 2, 3, 224, 224])
images.size() torch.Size([16, 2, 3, 224, 224])
images.size() torch.Size([16, 2, 3, 224, 224])
images.size() torch.Size([16, 2, 3, 224, 224])
images.size() torch.Size([16, 2, 3, 224, 224])
images.size() torch.Size([16, 2, 3, 224, 224])
images.size() torch.Size([16, 2, 3, 224, 224])
images.size() torch.Size([16, 2, 3, 224, 224])
images.size() torch.Size([16, 2, 3, 224, 224])
images.size() torch.Size([16, 2, 3, 224, 224])
images.size() torch.Size([16, 2, 3, 224, 224])
images.size() torch.Size([16, 2, 3, 224, 224])
images.size() torch.Size([16, 2, 3, 224, 224])
images.size() torch.Size([16, 2, 3, 224, 224])
images.size() torch.Size([16, 2, 3, 224, 224])
images.size() torch.Size([16, 2, 3, 224, 224])
images.size() torch.Size([16, 2, 3, 224, 224])
images.size() torch.Size([16, 2, 3, 224, 224])
images.size() torch.Size([16, 2, 3, 224, 224])
images.size() torch.Size([16, 2, 3, 224, 224])
images.size() torch.Size([16, 2, 3, 224, 224])
images.size() torch.Size([16, 2, 3, 224, 224])
images.size() torch.Size([16, 2, 3, 224, 224])
images.size() torch.Size([16, 2, 3, 224, 224])
images.size() torch.Size([16, 2, 3, 224, 224])
images.size() torch.Size([16, 2, 3, 224, 224])
images.size() torch.Size([16, 2, 3, 224, 224])
images.size() torch.Size([16, 2, 3, 224, 224])
images.size() torch.Size([16, 2, 3, 224, 224])
images.size() torch.Size([16, 2, 3, 224, 224])
images.size() torch.Size([16, 2, 3, 224, 224])
images.size() torch.Size([16, 2, 3, 224, 224])
images.size() torch.Size([16, 2, 3, 224, 224])
images.size() torch.Size([16, 2, 3, 224, 224])
images.size() torch.Size([16, 2, 3, 224, 224])
images.size() torch.Size([16, 2, 3, 224, 224])
images.size() torch.Size([16, 2, 3, 224, 224])
images.size() torch.Size([16, 2, 3, 224, 224])
images.size() torch.Size([16, 2, 3, 224, 224])
images.size() torch.Size([16, 2, 3, 224, 224])
images.size() torch.Size([16, 2, 3, 224, 224])
images.size() torch.Size([16, 2, 3, 224, 224])
images.size() torch.Size([16, 2, 3, 224, 224])
images.size() torch.Size([16, 2, 3, 224, 224])
images.size() torch.Size([16, 2, 3, 224, 224])
images.size() torch.Size([16, 2, 3, 224, 224])
images.size() torch.Size([16, 2, 3, 224, 224])
images.size() torch.Size([16, 2, 3, 224, 224])
images.size() torch.Size([16, 2, 3, 224, 224])
images.size() torch.Size([16, 2, 3, 224, 224])
images.size() torch.Size([16, 2, 3, 224, 224])
images.size() torch.Size([16, 2, 3, 224, 224])
images.size() torch.Size([16, 2, 3, 224, 224])
images.size() torch.Size([16, 2, 3, 224, 224])
images.size() torch.Size([16, 2, 3, 224, 224])
images.size() torch.Size([16, 2, 3, 224, 224])
images.size() torch.Size([16, 2, 3, 224, 224])
images.size() torch.Size([16, 2, 3, 224, 224])
images.size() torch.Size([16, 2, 3, 224, 224])
images.size() torch.Size([16, 2, 3, 224, 224])
images.size() torch.Size([16, 2, 3, 224, 224])
images.size() torch.Size([16, 2, 3, 224, 224])
images.size() torch.Size([16, 2, 3, 224, 224])
images.size() torch.Size([16, 2, 3, 224, 224])
images.size() torch.Size([16, 2, 3, 224, 224])
images.size() torch.Size([16, 2, 3, 224, 224])
images.size() torch.Size([16, 2, 3, 224, 224])
images.size() torch.Size([16, 2, 3, 224, 224])
images.size() torch.Size([16, 2, 3, 224, 224])
images.size() torch.Size([16, 2, 3, 224, 224])
images.size() torch.Size([16, 2, 3, 224, 224])
images.size() torch.Size([16, 2, 3, 224, 224])
images.size() torch.Size([16, 2, 3, 224, 224])
images.size() torch.Size([16, 2, 3, 224, 224])
images.size() torch.Size([16, 2, 3, 224, 224])
images.size() torch.Size([16, 2, 3, 224, 224])
images.size() torch.Size([16, 2, 3, 224, 224])
images.size() torch.Size([16, 2, 3, 224, 224])
images.size() torch.Size([16, 2, 3, 224, 224])
images.size() torch.Size([16, 2, 3, 224, 224])
images.size() torch.Size([16, 2, 3, 224, 224])
images.size() torch.Size([16, 2, 3, 224, 224])
images.size() torch.Size([16, 2, 3, 224, 224])
images.size() torch.Size([16, 2, 3, 224, 224])
images.size() torch.Size([16, 2, 3, 224, 224])
images.size() torch.Size([16, 2, 3, 224, 224])
images.size() torch.Size([16, 2, 3, 224, 224])
images.size() torch.Size([16, 2, 3, 224, 224])
images.size() torch.Size([16, 2, 3, 224, 224])
images.size() torch.Size([16, 2, 3, 224, 224])
images.size() torch.Size([16, 2, 3, 224, 224])
images.size() torch.Size([5, 2, 3, 224, 224])
	epoch          : 1
	train_loss     : 3.797557601561913
	val_BLEU_1     : 0.29626777339323346
	val_BLEU_2     : 0.18965454520486522
	val_BLEU_3     : 0.13535399848120575
	val_BLEU_4     : 0.09999293494000035
	val_METEOR     : 0.11415943524178006
	val_ROUGE_L    : 0.33891346711329073
	test_BLEU_1    : 0.333478785457572
	test_BLEU_2    : 0.21674992357127032
	test_BLEU_3    : 0.15779353391715026
	test_BLEU_4    : 0.11846635868489527
	test_METEOR    : 0.12634182096956595
	test_ROUGE_L   : 0.35540318494139495
Saving checkpoint: results/iu_xray_debug/current_checkpoint.pth ...
Saving current best: model_best.pth ...
images.size() torch.Size([16, 2, 3, 224, 224])
images.size() torch.Size([16, 2, 3, 224, 224])
images.size() torch.Size([16, 2, 3, 224, 224])
images.size() torch.Size([16, 2, 3, 224, 224])
images.size() torch.Size([16, 2, 3, 224, 224])
images.size() torch.Size([16, 2, 3, 224, 224])
images.size() torch.Size([16, 2, 3, 224, 224])
images.size() torch.Size([16, 2, 3, 224, 224])
images.size() torch.Size([16, 2, 3, 224, 224])
images.size() torch.Size([16, 2, 3, 224, 224])
images.size() torch.Size([16, 2, 3, 224, 224])
images.size() torch.Size([16, 2, 3, 224, 224])
images.size() torch.Size([16, 2, 3, 224, 224])
images.size() torch.Size([16, 2, 3, 224, 224])
images.size() torch.Size([16, 2, 3, 224, 224])
images.size() torch.Size([16, 2, 3, 224, 224])
images.size() torch.Size([16, 2, 3, 224, 224])
images.size() torch.Size([16, 2, 3, 224, 224])
images.size() torch.Size([16, 2, 3, 224, 224])
images.size() torch.Size([16, 2, 3, 224, 224])
images.size() torch.Size([16, 2, 3, 224, 224])
images.size() torch.Size([16, 2, 3, 224, 224])
images.size() torch.Size([16, 2, 3, 224, 224])
images.size() torch.Size([16, 2, 3, 224, 224])
images.size() torch.Size([16, 2, 3, 224, 224])
images.size() torch.Size([16, 2, 3, 224, 224])
images.size() torch.Size([16, 2, 3, 224, 224])
images.size() torch.Size([16, 2, 3, 224, 224])
images.size() torch.Size([16, 2, 3, 224, 224])
images.size() torch.Size([16, 2, 3, 224, 224])
images.size() torch.Size([16, 2, 3, 224, 224])
images.size() torch.Size([16, 2, 3, 224, 224])
images.size() torch.Size([16, 2, 3, 224, 224])
images.size() torch.Size([16, 2, 3, 224, 224])
images.size() torch.Size([16, 2, 3, 224, 224])
images.size() torch.Size([16, 2, 3, 224, 224])
images.size() torch.Size([16, 2, 3, 224, 224])
images.size() torch.Size([16, 2, 3, 224, 224])
images.size() torch.Size([16, 2, 3, 224, 224])
images.size() torch.Size([16, 2, 3, 224, 224])
images.size() torch.Size([16, 2, 3, 224, 224])
images.size() torch.Size([16, 2, 3, 224, 224])
images.size() torch.Size([16, 2, 3, 224, 224])
images.size() torch.Size([16, 2, 3, 224, 224])
images.size() torch.Size([16, 2, 3, 224, 224])
images.size() torch.Size([16, 2, 3, 224, 224])
images.size() torch.Size([16, 2, 3, 224, 224])
images.size() torch.Size([16, 2, 3, 224, 224])
images.size() torch.Size([16, 2, 3, 224, 224])
images.size() torch.Size([16, 2, 3, 224, 224])
images.size() torch.Size([16, 2, 3, 224, 224])
images.size() torch.Size([16, 2, 3, 224, 224])
images.size() torch.Size([16, 2, 3, 224, 224])
images.size() torch.Size([16, 2, 3, 224, 224])
images.size() torch.Size([16, 2, 3, 224, 224])
images.size() torch.Size([16, 2, 3, 224, 224])
images.size() torch.Size([16, 2, 3, 224, 224])
images.size() torch.Size([16, 2, 3, 224, 224])
images.size() torch.Size([16, 2, 3, 224, 224])
images.size() torch.Size([16, 2, 3, 224, 224])
images.size() torch.Size([16, 2, 3, 224, 224])
images.size() torch.Size([16, 2, 3, 224, 224])
images.size() torch.Size([16, 2, 3, 224, 224])
images.size() torch.Size([16, 2, 3, 224, 224])
images.size() torch.Size([16, 2, 3, 224, 224])
images.size() torch.Size([16, 2, 3, 224, 224])
images.size() torch.Size([16, 2, 3, 224, 224])
images.size() torch.Size([16, 2, 3, 224, 224])
images.size() torch.Size([16, 2, 3, 224, 224])
images.size() torch.Size([16, 2, 3, 224, 224])
images.size() torch.Size([16, 2, 3, 224, 224])
images.size() torch.Size([16, 2, 3, 224, 224])
images.size() torch.Size([16, 2, 3, 224, 224])
images.size() torch.Size([16, 2, 3, 224, 224])
images.size() torch.Size([16, 2, 3, 224, 224])
images.size() torch.Size([16, 2, 3, 224, 224])
images.size() torch.Size([16, 2, 3, 224, 224])
images.size() torch.Size([16, 2, 3, 224, 224])
images.size() torch.Size([16, 2, 3, 224, 224])
images.size() torch.Size([16, 2, 3, 224, 224])
images.size() torch.Size([16, 2, 3, 224, 224])
images.size() torch.Size([16, 2, 3, 224, 224])
images.size() torch.Size([16, 2, 3, 224, 224])
images.size() torch.Size([16, 2, 3, 224, 224])
images.size() torch.Size([16, 2, 3, 224, 224])
images.size() torch.Size([16, 2, 3, 224, 224])
images.size() torch.Size([16, 2, 3, 224, 224])
images.size() torch.Size([16, 2, 3, 224, 224])
images.size() torch.Size([16, 2, 3, 224, 224])
images.size() torch.Size([16, 2, 3, 224, 224])
images.size() torch.Size([16, 2, 3, 224, 224])
images.size() torch.Size([16, 2, 3, 224, 224])
images.size() torch.Size([16, 2, 3, 224, 224])
images.size() torch.Size([16, 2, 3, 224, 224])
images.size() torch.Size([16, 2, 3, 224, 224])
images.size() torch.Size([16, 2, 3, 224, 224])
images.size() torch.Size([16, 2, 3, 224, 224])
images.size() torch.Size([16, 2, 3, 224, 224])
images.size() torch.Size([16, 2, 3, 224, 224])
images.size() torch.Size([16, 2, 3, 224, 224])
images.size() torch.Size([16, 2, 3, 224, 224])
images.size() torch.Size([16, 2, 3, 224, 224])
images.size() torch.Size([16, 2, 3, 224, 224])
images.size() torch.Size([16, 2, 3, 224, 224])
images.size() torch.Size([16, 2, 3, 224, 224])
images.size() torch.Size([16, 2, 3, 224, 224])
images.size() torch.Size([16, 2, 3, 224, 224])
images.size() torch.Size([16, 2, 3, 224, 224])
images.size() torch.Size([16, 2, 3, 224, 224])
images.size() torch.Size([16, 2, 3, 224, 224])
images.size() torch.Size([16, 2, 3, 224, 224])
images.size() torch.Size([16, 2, 3, 224, 224])
images.size() torch.Size([16, 2, 3, 224, 224])
images.size() torch.Size([16, 2, 3, 224, 224])
images.size() torch.Size([16, 2, 3, 224, 224])
images.size() torch.Size([16, 2, 3, 224, 224])
images.size() torch.Size([16, 2, 3, 224, 224])
images.size() torch.Size([16, 2, 3, 224, 224])
images.size() torch.Size([16, 2, 3, 224, 224])
images.size() torch.Size([16, 2, 3, 224, 224])
images.size() torch.Size([16, 2, 3, 224, 224])
images.size() torch.Size([16, 2, 3, 224, 224])
images.size() torch.Size([16, 2, 3, 224, 224])
images.size() torch.Size([16, 2, 3, 224, 224])
images.size() torch.Size([16, 2, 3, 224, 224])
images.size() torch.Size([16, 2, 3, 224, 224])
images.size() torch.Size([16, 2, 3, 224, 224])
images.size() torch.Size([16, 2, 3, 224, 224])
images.size() torch.Size([16, 2, 3, 224, 224])
images.size() torch.Size([5, 2, 3, 224, 224])
slurmstepd: error: *** JOB 17044612 ON dgx004 CANCELLED AT 2020-12-23T01:13:09 ***
