Namespace(amsgrad=True, ann_path='data/iu_xray/annotation.json', batch_size=16, beam_size=3, block_trigrams=1, bos_idx=0, d_ff=512, d_model=512, d_vf=2048, dataset_name='iu_xray', decoding_constraint=0, drop_prob_lm=0.5, dropout=0.1, early_stop=50, eos_idx=0, epochs=100, gamma=0.1, group_size=1, image_dir='data/iu_xray/images/', logit_layers=1, lr_ed=0.0001, lr_scheduler='StepLR', lr_ve=5e-05, max_seq_length=60, monitor_metric='BLEU_4', monitor_mode='max', n_gpu=8, num_heads=8, num_layers=3, num_workers=2, optim='Adam', output_logsoftmax=1, pad_idx=0, record_dir='records/', resume=None, rm_d_model=512, rm_num_heads=8, rm_num_slots=3, sample_method='beam_search', sample_n=1, save_dir='results/iu_xray_debug', save_period=1, seed=9223, step_size=100, temperature=1.0, threshold=3, use_bn=0, visual_extractor='resnet101', visual_extractor_pretrained=True, weight_decay=5e-05)
Warning: The number of GPU's configured to use is 8, but only 1 are available on this machine.
[W TensorIterator.cpp:918] Warning: Mixed memory format inputs detected while calling the operator. The operator will output contiguous tensor even if some of the inputs are in channels_last format. (function operator())
	epoch          : 1
	train_loss     : 3.807693364070012
	val_BLEU_1     : 0.2366793627899326
	val_BLEU_2     : 0.15141728827855225
	val_BLEU_3     : 0.11176830719193821
	val_BLEU_4     : 0.08642518462824295
	val_METEOR     : 0.1184036519688089
	val_ROUGE_L    : 0.30968404677186157
	test_BLEU_1    : 0.2817978227537939
	test_BLEU_2    : 0.18442356535203347
	test_BLEU_3    : 0.13879180945156724
	test_BLEU_4    : 0.10841529002811662
	test_METEOR    : 0.1367037303376182
	test_ROUGE_L   : 0.3317455773629738
Saving checkpoint: results/iu_xray_debug/current_checkpoint.pth ...
Saving current best: model_best.pth ...
	epoch          : 2
	train_loss     : 2.56755422445444
	val_BLEU_1     : 0.1988625889127359
	val_BLEU_2     : 0.1180353903908086
	val_BLEU_3     : 0.0835544869652126
	val_BLEU_4     : 0.06400886298630389
	val_METEOR     : 0.1034722429799017
	val_ROUGE_L    : 0.29474007494202537
	test_BLEU_1    : 0.2414891728040812
	test_BLEU_2    : 0.14657508017251872
	test_BLEU_3    : 0.10545486468993152
	test_BLEU_4    : 0.08101704657824713
	test_METEOR    : 0.11945841070409312
	test_ROUGE_L   : 0.3121804906222145
Saving checkpoint: results/iu_xray_debug/current_checkpoint.pth ...
	epoch          : 3
	train_loss     : 2.163825081861936
	val_BLEU_1     : 0.1988625889127359
	val_BLEU_2     : 0.1180353903908086
	val_BLEU_3     : 0.0835544869652126
	val_BLEU_4     : 0.06400886298630389
	val_METEOR     : 0.1034722429799017
	val_ROUGE_L    : 0.29474007494202537
	test_BLEU_1    : 0.2414891728040812
	test_BLEU_2    : 0.14657508017251872
	test_BLEU_3    : 0.10545486468993152
	test_BLEU_4    : 0.08101704657824713
	test_METEOR    : 0.11945841070409312
	test_ROUGE_L   : 0.3121804906222145
Saving checkpoint: results/iu_xray_debug/current_checkpoint.pth ...
	epoch          : 4
	train_loss     : 1.928591474202963
	val_BLEU_1     : 0.1988625889127359
	val_BLEU_2     : 0.1180353903908086
	val_BLEU_3     : 0.0835544869652126
	val_BLEU_4     : 0.06400886298630389
	val_METEOR     : 0.1034722429799017
	val_ROUGE_L    : 0.29474007494202537
	test_BLEU_1    : 0.2414891728040812
	test_BLEU_2    : 0.14657508017251872
	test_BLEU_3    : 0.10545486468993152
	test_BLEU_4    : 0.08101704657824713
	test_METEOR    : 0.11945841070409312
	test_ROUGE_L   : 0.3121804906222145
Saving checkpoint: results/iu_xray_debug/current_checkpoint.pth ...
	epoch          : 5
	train_loss     : 1.76548936183636
	val_BLEU_1     : 0.2625444895693677
	val_BLEU_2     : 0.15960368587525597
	val_BLEU_3     : 0.10784821673778607
	val_BLEU_4     : 0.07795253982061569
	val_METEOR     : 0.12464059840378312
	val_ROUGE_L    : 0.3094236384088698
	test_BLEU_1    : 0.3029320300701414
	test_BLEU_2    : 0.18459682509718617
	test_BLEU_3    : 0.1254462131198234
	test_BLEU_4    : 0.09050906600825277
	test_METEOR    : 0.1390816481068147
	test_ROUGE_L   : 0.321899794586689
Saving checkpoint: results/iu_xray_debug/current_checkpoint.pth ...
	epoch          : 6
	train_loss     : 1.632702662394597
	val_BLEU_1     : 0.1994243021714834
	val_BLEU_2     : 0.11839785074342975
	val_BLEU_3     : 0.08381125987944835
	val_BLEU_4     : 0.06420127245777935
	val_METEOR     : 0.10336125624986299
	val_ROUGE_L    : 0.2944513172104778
	test_BLEU_1    : 0.2414891728040812
	test_BLEU_2    : 0.14657508017251872
	test_BLEU_3    : 0.10545486468993152
	test_BLEU_4    : 0.08101704657824713
	test_METEOR    : 0.11945841070409312
	test_ROUGE_L   : 0.3121804906222145
Saving checkpoint: results/iu_xray_debug/current_checkpoint.pth ...
	epoch          : 7
	train_loss     : 1.5198094936517568
	val_BLEU_1     : 0.1988625889127359
	val_BLEU_2     : 0.1180353903908086
	val_BLEU_3     : 0.0835544869652126
	val_BLEU_4     : 0.06400886298630389
	val_METEOR     : 0.1034722429799017
	val_ROUGE_L    : 0.29474007494202537
	test_BLEU_1    : 0.2414891728040812
	test_BLEU_2    : 0.14657508017251872
	test_BLEU_3    : 0.10545486468993152
	test_BLEU_4    : 0.08101704657824713
	test_METEOR    : 0.11945841070409312
	test_ROUGE_L   : 0.3121804906222145
Saving checkpoint: results/iu_xray_debug/current_checkpoint.pth ...
	epoch          : 8
	train_loss     : 1.426314955491286
	val_BLEU_1     : 0.1988625889127359
	val_BLEU_2     : 0.1180353903908086
	val_BLEU_3     : 0.0835544869652126
	val_BLEU_4     : 0.06400886298630389
	val_METEOR     : 0.1034722429799017
	val_ROUGE_L    : 0.29474007494202537
	test_BLEU_1    : 0.2414891728040812
	test_BLEU_2    : 0.14657508017251872
	test_BLEU_3    : 0.10545486468993152
	test_BLEU_4    : 0.08101704657824713
	test_METEOR    : 0.11945841070409312
	test_ROUGE_L   : 0.3121804906222145
Saving checkpoint: results/iu_xray_debug/current_checkpoint.pth ...
	epoch          : 9
	train_loss     : 1.3363812075211452
	val_BLEU_1     : 0.1988625889127359
	val_BLEU_2     : 0.1180353903908086
	val_BLEU_3     : 0.0835544869652126
	val_BLEU_4     : 0.06400886298630389
	val_METEOR     : 0.1034722429799017
	val_ROUGE_L    : 0.29474007494202537
	test_BLEU_1    : 0.2414891728040812
	test_BLEU_2    : 0.14657508017251872
	test_BLEU_3    : 0.10545486468993152
	test_BLEU_4    : 0.08101704657824713
	test_METEOR    : 0.11945841070409312
	test_ROUGE_L   : 0.3121804906222145
Saving checkpoint: results/iu_xray_debug/current_checkpoint.pth ...
	epoch          : 10
	train_loss     : 1.2503932329324576
	val_BLEU_1     : 0.2898220268841256
	val_BLEU_2     : 0.1775066002579397
	val_BLEU_3     : 0.12355212314239349
	val_BLEU_4     : 0.09264614321386666
	val_METEOR     : 0.12681219535881316
	val_ROUGE_L    : 0.31380277162315007
	test_BLEU_1    : 0.3233991665482371
	test_BLEU_2    : 0.20214233222097494
	test_BLEU_3    : 0.1437789847703058
	test_BLEU_4    : 0.10898312260847355
	test_METEOR    : 0.14164503354908164
	test_ROUGE_L   : 0.3323826882081429
Saving checkpoint: results/iu_xray_debug/current_checkpoint.pth ...
Saving current best: model_best.pth ...
	epoch          : 11
	train_loss     : 1.1627975573906533
	val_BLEU_1     : 0.3647701309082687
	val_BLEU_2     : 0.21441571888853173
	val_BLEU_3     : 0.14501251196555104
	val_BLEU_4     : 0.1060567471056082
	val_METEOR     : 0.14275738209909003
	val_ROUGE_L    : 0.30371322405134793
	test_BLEU_1    : 0.4013885673410418
	test_BLEU_2    : 0.25473046193761945
	test_BLEU_3    : 0.18726890341182958
	test_BLEU_4    : 0.14640452384697392
	test_METEOR    : 0.16274196149039596
	test_ROUGE_L   : 0.3371660009959435
Saving checkpoint: results/iu_xray_debug/current_checkpoint.pth ...
Saving current best: model_best.pth ...
	epoch          : 12
	train_loss     : 1.0943618586430184
	val_BLEU_1     : 0.2732683085232057
	val_BLEU_2     : 0.16107529304168544
	val_BLEU_3     : 0.11229067305092894
	val_BLEU_4     : 0.08425116372090358
	val_METEOR     : 0.11877840098880424
	val_ROUGE_L    : 0.30664975504866304
	test_BLEU_1    : 0.31418771951796937
	test_BLEU_2    : 0.194504602676042
	test_BLEU_3    : 0.14107612086416657
	test_BLEU_4    : 0.10922673195397735
	test_METEOR    : 0.13645944700377316
	test_ROUGE_L   : 0.3264641795839485
Saving checkpoint: results/iu_xray_debug/current_checkpoint.pth ...
	epoch          : 13
	train_loss     : 1.0216869468872363
	val_BLEU_1     : 0.25287811742035643
	val_BLEU_2     : 0.149193717577527
	val_BLEU_3     : 0.10290881031860569
	val_BLEU_4     : 0.07681020240750099
	val_METEOR     : 0.11604048019942836
	val_ROUGE_L    : 0.2998945700327124
	test_BLEU_1    : 0.2853338472945729
	test_BLEU_2    : 0.16965942741657017
	test_BLEU_3    : 0.11827077716737444
	test_BLEU_4    : 0.08822281810032834
	test_METEOR    : 0.12699553109785736
	test_ROUGE_L   : 0.3114027722981421
Saving checkpoint: results/iu_xray_debug/current_checkpoint.pth ...
	epoch          : 14
	train_loss     : 0.9519385828421666
	val_BLEU_1     : 0.4105986830499986
	val_BLEU_2     : 0.2494204602494751
	val_BLEU_3     : 0.16687855873218746
	val_BLEU_4     : 0.117460482709086
	val_METEOR     : 0.16941298808568986
	val_ROUGE_L    : 0.3326232219175583
	test_BLEU_1    : 0.4665047736793709
	test_BLEU_2    : 0.2945500992038572
	test_BLEU_3    : 0.205564678863447
	test_BLEU_4    : 0.149476572570169
	test_METEOR    : 0.19227513269982743
	test_ROUGE_L   : 0.3598381521070366
Saving checkpoint: results/iu_xray_debug/current_checkpoint.pth ...
Saving current best: model_best.pth ...
	epoch          : 15
	train_loss     : 0.8829504159780649
	val_BLEU_1     : 0.3821233300550135
	val_BLEU_2     : 0.23045093296237046
	val_BLEU_3     : 0.15628004924799216
	val_BLEU_4     : 0.11296091980072512
	val_METEOR     : 0.149786872564921
	val_ROUGE_L    : 0.3147003038490867
	test_BLEU_1    : 0.4455510142413154
	test_BLEU_2    : 0.2911932921623834
	test_BLEU_3    : 0.2162227571943753
	test_BLEU_4    : 0.1709738198885635
	test_METEOR    : 0.1801871844661938
	test_ROUGE_L   : 0.3566427628275816
Saving checkpoint: results/iu_xray_debug/current_checkpoint.pth ...
	epoch          : 16
	train_loss     : 0.8203526212618901
	val_BLEU_1     : 0.34298138401158157
	val_BLEU_2     : 0.20990992253063112
	val_BLEU_3     : 0.14125970371699878
	val_BLEU_4     : 0.10098708193860745
	val_METEOR     : 0.1445549052504389
	val_ROUGE_L    : 0.3119173310180614
	test_BLEU_1    : 0.3662479057402733
	test_BLEU_2    : 0.22853682911750284
	test_BLEU_3    : 0.1611607971475039
	test_BLEU_4    : 0.12128272469059906
	test_METEOR    : 0.1535301232521641
	test_ROUGE_L   : 0.32974787734802447
Saving checkpoint: results/iu_xray_debug/current_checkpoint.pth ...
	epoch          : 17
	train_loss     : 0.7620959653304173
	val_BLEU_1     : 0.32964369869062393
	val_BLEU_2     : 0.19416630761920733
	val_BLEU_3     : 0.12646665052728912
	val_BLEU_4     : 0.08687293817170597
	val_METEOR     : 0.13694336198413787
	val_ROUGE_L    : 0.3052732653896826
	test_BLEU_1    : 0.36379009667581
	test_BLEU_2    : 0.21980068853907297
	test_BLEU_3    : 0.15041782415513585
	test_BLEU_4    : 0.10996402093963825
	test_METEOR    : 0.1509770350298962
	test_ROUGE_L   : 0.32210828990968154
Saving checkpoint: results/iu_xray_debug/current_checkpoint.pth ...
	epoch          : 18
	train_loss     : 0.7007006053741162
	val_BLEU_1     : 0.33064695062704746
	val_BLEU_2     : 0.2092528792098234
	val_BLEU_3     : 0.15089707281998696
	val_BLEU_4     : 0.11791457824920235
	val_METEOR     : 0.14461746627676175
	val_ROUGE_L    : 0.32708742981178346
	test_BLEU_1    : 0.37165191024127153
	test_BLEU_2    : 0.23451226298475303
	test_BLEU_3    : 0.16870971229152815
	test_BLEU_4    : 0.12947686093676017
	test_METEOR    : 0.1589889845487707
	test_ROUGE_L   : 0.3423103297719271
Saving checkpoint: results/iu_xray_debug/current_checkpoint.pth ...
Saving current best: model_best.pth ...
	epoch          : 19
	train_loss     : 0.6454388739971014
	val_BLEU_1     : 0.4352248012097599
	val_BLEU_2     : 0.2569554841383673
	val_BLEU_3     : 0.171918631159823
	val_BLEU_4     : 0.1232486273519148
	val_METEOR     : 0.1663475976115966
	val_ROUGE_L    : 0.3233608840249906
	test_BLEU_1    : 0.4690315605210076
	test_BLEU_2    : 0.3040911316612782
	test_BLEU_3    : 0.22371871824633072
	test_BLEU_4    : 0.17548193301093243
	test_METEOR    : 0.19510072951312837
	test_ROUGE_L   : 0.36647165991287156
Saving checkpoint: results/iu_xray_debug/current_checkpoint.pth ...
Saving current best: model_best.pth ...
	epoch          : 20
	train_loss     : 0.5962756842374801
	val_BLEU_1     : 0.39954758332720813
	val_BLEU_2     : 0.24564530041508598
	val_BLEU_3     : 0.16849421029865477
	val_BLEU_4     : 0.1217607348132071
	val_METEOR     : 0.1548851393406693
	val_ROUGE_L    : 0.3237846597910773
	test_BLEU_1    : 0.42844845160945805
	test_BLEU_2    : 0.2784448754863301
	test_BLEU_3    : 0.20454717486315774
	test_BLEU_4    : 0.15973028800043254
	test_METEOR    : 0.17366027720622598
	test_ROUGE_L   : 0.35488972478778447
Saving checkpoint: results/iu_xray_debug/current_checkpoint.pth ...
	epoch          : 21
	train_loss     : 0.546169081559548
	val_BLEU_1     : 0.3455593318132079
	val_BLEU_2     : 0.20837335811491595
	val_BLEU_3     : 0.14199339424085425
	val_BLEU_4     : 0.10375339207619867
	val_METEOR     : 0.1443296764155952
	val_ROUGE_L    : 0.31286182083279124
	test_BLEU_1    : 0.36991489002515027
	test_BLEU_2    : 0.2283133084476496
	test_BLEU_3    : 0.15946557597479152
	test_BLEU_4    : 0.11968815240490577
	test_METEOR    : 0.1549321052562388
	test_ROUGE_L   : 0.32582405051251145
Saving checkpoint: results/iu_xray_debug/current_checkpoint.pth ...
	epoch          : 22
	train_loss     : 0.5070619862813216
	val_BLEU_1     : 0.3879193176402941
	val_BLEU_2     : 0.24207245184773574
	val_BLEU_3     : 0.16866748575443935
	val_BLEU_4     : 0.1254614377178017
	val_METEOR     : 0.1556300041728286
	val_ROUGE_L    : 0.33271109070527044
	test_BLEU_1    : 0.41559837447263975
	test_BLEU_2    : 0.26601529043331595
	test_BLEU_3    : 0.19443821945290088
	test_BLEU_4    : 0.1521165563807988
	test_METEOR    : 0.16926584411535725
	test_ROUGE_L   : 0.34902607708795347
Saving checkpoint: results/iu_xray_debug/current_checkpoint.pth ...
Saving current best: model_best.pth ...
	epoch          : 23
	train_loss     : 0.4705604835198476
	val_BLEU_1     : 0.3617947623470973
	val_BLEU_2     : 0.2141879279536505
	val_BLEU_3     : 0.1395424948100353
	val_BLEU_4     : 0.09504065298091362
	val_METEOR     : 0.14681729972939142
	val_ROUGE_L    : 0.3136541095925734
	test_BLEU_1    : 0.4000615423942732
	test_BLEU_2    : 0.24765017280925697
	test_BLEU_3    : 0.17069644928348182
	test_BLEU_4    : 0.12620614787945444
	test_METEOR    : 0.1659845672501788
	test_ROUGE_L   : 0.3324961521929791
Saving checkpoint: results/iu_xray_debug/current_checkpoint.pth ...
	epoch          : 24
	train_loss     : 0.4342728147139916
	val_BLEU_1     : 0.37700892888350024
	val_BLEU_2     : 0.22315382268887837
	val_BLEU_3     : 0.14575600402399913
	val_BLEU_4     : 0.10121690366880477
	val_METEOR     : 0.1507922196827554
	val_ROUGE_L    : 0.2986213100306341
	test_BLEU_1    : 0.4084708815436952
	test_BLEU_2    : 0.2523268349609706
	test_BLEU_3    : 0.17599892049965132
	test_BLEU_4    : 0.131374674984063
	test_METEOR    : 0.16602213763634252
	test_ROUGE_L   : 0.32671618937798275
Saving checkpoint: results/iu_xray_debug/current_checkpoint.pth ...
	epoch          : 25
	train_loss     : 0.4035770058631897
	val_BLEU_1     : 0.3741308636463518
	val_BLEU_2     : 0.22377796161375255
	val_BLEU_3     : 0.14923012116575654
	val_BLEU_4     : 0.10550887724327959
	val_METEOR     : 0.14767288469031775
	val_ROUGE_L    : 0.3142257049883185
	test_BLEU_1    : 0.40842518263773925
	test_BLEU_2    : 0.25903131711988964
	test_BLEU_3    : 0.18612677657508178
	test_BLEU_4    : 0.14196946479626812
	test_METEOR    : 0.1655025608211024
	test_ROUGE_L   : 0.34206994135658325
Saving checkpoint: results/iu_xray_debug/current_checkpoint.pth ...
	epoch          : 26
	train_loss     : 0.3743950234009669
	val_BLEU_1     : 0.40696335338024636
	val_BLEU_2     : 0.25995820211076986
	val_BLEU_3     : 0.18479331564980445
	val_BLEU_4     : 0.1407962617522276
	val_METEOR     : 0.16917713337603363
	val_ROUGE_L    : 0.3461290848422185
	test_BLEU_1    : 0.43774897823896525
	test_BLEU_2    : 0.2780719537167709
	test_BLEU_3    : 0.19682526964557542
	test_BLEU_4    : 0.1491897630345485
	test_METEOR    : 0.18079229087371962
	test_ROUGE_L   : 0.3587188092534135
Saving checkpoint: results/iu_xray_debug/current_checkpoint.pth ...
Saving current best: model_best.pth ...
	epoch          : 27
	train_loss     : 0.35346258007563075
	val_BLEU_1     : 0.4080770550916192
	val_BLEU_2     : 0.24290053721054675
	val_BLEU_3     : 0.16165078267632094
	val_BLEU_4     : 0.11371432460545913
	val_METEOR     : 0.16099202052164494
	val_ROUGE_L    : 0.31776659128076873
	test_BLEU_1    : 0.4381330949784719
	test_BLEU_2    : 0.27728273786739926
	test_BLEU_3    : 0.19842573182954598
	test_BLEU_4    : 0.15203041543553683
	test_METEOR    : 0.1777499295329283
	test_ROUGE_L   : 0.34366704035342316
Saving checkpoint: results/iu_xray_debug/current_checkpoint.pth ...
	epoch          : 28
	train_loss     : 0.33134896434270417
	val_BLEU_1     : 0.37098124009575745
	val_BLEU_2     : 0.2209837856681588
	val_BLEU_3     : 0.1466398633059772
	val_BLEU_4     : 0.10396801416450265
	val_METEOR     : 0.14831805096992096
	val_ROUGE_L    : 0.31392513856406623
	test_BLEU_1    : 0.4065546602902598
	test_BLEU_2    : 0.24799367823985505
	test_BLEU_3    : 0.17115977628561302
	test_BLEU_4    : 0.12672560453894482
	test_METEOR    : 0.1636411372625336
	test_ROUGE_L   : 0.3318928740242996
Saving checkpoint: results/iu_xray_debug/current_checkpoint.pth ...
	epoch          : 29
	train_loss     : 0.31238597539755014
	val_BLEU_1     : 0.395084083911783
	val_BLEU_2     : 0.23964077457383293
	val_BLEU_3     : 0.16510610356279506
	val_BLEU_4     : 0.12213485063183534
	val_METEOR     : 0.15675741770530022
	val_ROUGE_L    : 0.32313232352973437
	test_BLEU_1    : 0.4251720119280265
	test_BLEU_2    : 0.26675081063902695
	test_BLEU_3    : 0.18838903556916617
	test_BLEU_4    : 0.14255851861290295
	test_METEOR    : 0.1717292221553205
	test_ROUGE_L   : 0.34482132650879554
Saving checkpoint: results/iu_xray_debug/current_checkpoint.pth ...
	epoch          : 30
	train_loss     : 0.2969717473937915
	val_BLEU_1     : 0.37163651509658074
	val_BLEU_2     : 0.21809456531781368
	val_BLEU_3     : 0.14558771198460552
	val_BLEU_4     : 0.10625123005790488
	val_METEOR     : 0.14622887777209967
	val_ROUGE_L    : 0.31092441685620037
	test_BLEU_1    : 0.40653460609948744
	test_BLEU_2    : 0.24260180289246136
	test_BLEU_3    : 0.16540881638057817
	test_BLEU_4    : 0.12259782596947215
	test_METEOR    : 0.1603362412433449
	test_ROUGE_L   : 0.33383760718634353
Saving checkpoint: results/iu_xray_debug/current_checkpoint.pth ...
	epoch          : 31
	train_loss     : 0.28353891567542
	val_BLEU_1     : 0.39075122425411984
	val_BLEU_2     : 0.23789973886590987
	val_BLEU_3     : 0.16326172813637627
	val_BLEU_4     : 0.12090313039522657
	val_METEOR     : 0.15925802354743734
	val_ROUGE_L    : 0.32953174773791494
	test_BLEU_1    : 0.42519862501258676
	test_BLEU_2    : 0.26698315543774687
	test_BLEU_3    : 0.18655984164806988
	test_BLEU_4    : 0.13817067084362877
	test_METEOR    : 0.17427052117727496
	test_ROUGE_L   : 0.3444277447255081
Saving checkpoint: results/iu_xray_debug/current_checkpoint.pth ...
	epoch          : 32
	train_loss     : 0.27209868270617266
	val_BLEU_1     : 0.4077242227230181
	val_BLEU_2     : 0.24448766854709789
	val_BLEU_3     : 0.16289738275697366
	val_BLEU_4     : 0.11512901448300802
	val_METEOR     : 0.16014206240925397
	val_ROUGE_L    : 0.31696946136901644
	test_BLEU_1    : 0.42323263995832894
	test_BLEU_2    : 0.26026521917035833
	test_BLEU_3    : 0.17871524003696654
	test_BLEU_4    : 0.13093083854814516
	test_METEOR    : 0.17000125039930558
	test_ROUGE_L   : 0.3256479248735128
Saving checkpoint: results/iu_xray_debug/current_checkpoint.pth ...
	epoch          : 33
	train_loss     : 0.26136495413688515
	val_BLEU_1     : 0.37285037359588363
	val_BLEU_2     : 0.2182480843266528
	val_BLEU_3     : 0.1432984140113515
	val_BLEU_4     : 0.10004088593545964
	val_METEOR     : 0.15354062041132538
	val_ROUGE_L    : 0.30756265289988105
	test_BLEU_1    : 0.39928902451815385
	test_BLEU_2    : 0.24328269719971832
	test_BLEU_3    : 0.16343339012168515
	test_BLEU_4    : 0.11596391118381964
	test_METEOR    : 0.16397837662202708
	test_ROUGE_L   : 0.3264632781141947
Saving checkpoint: results/iu_xray_debug/current_checkpoint.pth ...
	epoch          : 34
	train_loss     : 0.2487804360114611
	val_BLEU_1     : 0.3931421808368016
	val_BLEU_2     : 0.23624573204199267
	val_BLEU_3     : 0.15796671869408857
	val_BLEU_4     : 0.11190960691478691
	val_METEOR     : 0.15668701942403412
	val_ROUGE_L    : 0.3204943567259527
	test_BLEU_1    : 0.42785599903197935
	test_BLEU_2    : 0.26807733447904153
	test_BLEU_3    : 0.18632538791656478
	test_BLEU_4    : 0.13816374504750628
	test_METEOR    : 0.17250304294264796
	test_ROUGE_L   : 0.3377681283990517
Saving checkpoint: results/iu_xray_debug/current_checkpoint.pth ...
	epoch          : 35
	train_loss     : 0.2407268599821971
	val_BLEU_1     : 0.40573147229603457
	val_BLEU_2     : 0.24306834950082623
	val_BLEU_3     : 0.16081917742360655
	val_BLEU_4     : 0.11235164202082554
	val_METEOR     : 0.16318822042109948
	val_ROUGE_L    : 0.3167114241686417
	test_BLEU_1    : 0.42342744772917656
	test_BLEU_2    : 0.2639972800534006
	test_BLEU_3    : 0.18517087135569832
	test_BLEU_4    : 0.13785037834367173
	test_METEOR    : 0.17260332459411915
	test_ROUGE_L   : 0.33419289083785647
Saving checkpoint: results/iu_xray_debug/current_checkpoint.pth ...
	epoch          : 36
	train_loss     : 0.2335908185977202
	val_BLEU_1     : 0.37266352606415226
	val_BLEU_2     : 0.22005882526637457
	val_BLEU_3     : 0.14470631914221765
	val_BLEU_4     : 0.10016185689991979
	val_METEOR     : 0.15454075796055644
	val_ROUGE_L    : 0.3126871888769811
	test_BLEU_1    : 0.39644146718013706
	test_BLEU_2    : 0.24218705311338065
	test_BLEU_3    : 0.1647632020674583
	test_BLEU_4    : 0.11790955613070203
	test_METEOR    : 0.1654382045510147
	test_ROUGE_L   : 0.32485777643882724
Saving checkpoint: results/iu_xray_debug/current_checkpoint.pth ...
	epoch          : 37
	train_loss     : 0.2292886178080852
	val_BLEU_1     : 0.4058761864403271
	val_BLEU_2     : 0.24419829331272447
	val_BLEU_3     : 0.16412416321311094
	val_BLEU_4     : 0.11843133294149617
	val_METEOR     : 0.16355080505522998
	val_ROUGE_L    : 0.3234343453892491
	test_BLEU_1    : 0.4165110421878317
	test_BLEU_2    : 0.2525374329610944
	test_BLEU_3    : 0.17262463300683772
	test_BLEU_4    : 0.12543596407337018
	test_METEOR    : 0.16862352520346824
	test_ROUGE_L   : 0.32706539375221805
Saving checkpoint: results/iu_xray_debug/current_checkpoint.pth ...
	epoch          : 38
	train_loss     : 0.2176571961778861
	val_BLEU_1     : 0.3718738650490667
	val_BLEU_2     : 0.21942770873688217
	val_BLEU_3     : 0.1463628606704495
	val_BLEU_4     : 0.1037846562823894
	val_METEOR     : 0.14777656650203239
	val_ROUGE_L    : 0.3052037642320853
	test_BLEU_1    : 0.4019132152056142
	test_BLEU_2    : 0.2471073660720133
	test_BLEU_3    : 0.1725603515638106
	test_BLEU_4    : 0.12847570664371175
	test_METEOR    : 0.1624560086310898
	test_ROUGE_L   : 0.32565288119460506
Saving checkpoint: results/iu_xray_debug/current_checkpoint.pth ...
	epoch          : 39
	train_loss     : 0.21138337793258521
	val_BLEU_1     : 0.3929038810742386
	val_BLEU_2     : 0.2366379105165222
	val_BLEU_3     : 0.15988006316436462
	val_BLEU_4     : 0.1156948730363111
	val_METEOR     : 0.1598562531304437
	val_ROUGE_L    : 0.3177758597197603
	test_BLEU_1    : 0.4222557272537488
	test_BLEU_2    : 0.2613958932190797
	test_BLEU_3    : 0.18110982141190793
	test_BLEU_4    : 0.1343008441345856
	test_METEOR    : 0.17410388245260353
	test_ROUGE_L   : 0.3341270956891988
Saving checkpoint: results/iu_xray_debug/current_checkpoint.pth ...
	epoch          : 40
	train_loss     : 0.20434329727521308
	val_BLEU_1     : 0.4282829515203436
	val_BLEU_2     : 0.2598391346899142
	val_BLEU_3     : 0.17614028513863705
	val_BLEU_4     : 0.128317230248652
	val_METEOR     : 0.1688395488967912
	val_ROUGE_L    : 0.3279298004292519
	test_BLEU_1    : 0.42905477840384676
	test_BLEU_2    : 0.26399160607538547
	test_BLEU_3    : 0.18240217998204572
	test_BLEU_4    : 0.13569274320330407
	test_METEOR    : 0.17107466562297077
	test_ROUGE_L   : 0.3310307870918486
Saving checkpoint: results/iu_xray_debug/current_checkpoint.pth ...
	epoch          : 41
	train_loss     : 0.20055146698768322
	val_BLEU_1     : 0.3989809598032436
	val_BLEU_2     : 0.23620513440234417
	val_BLEU_3     : 0.15523188051894887
	val_BLEU_4     : 0.10773297377061017
	val_METEOR     : 0.15590434084615507
	val_ROUGE_L    : 0.30779348922486377
	test_BLEU_1    : 0.42163668875563154
	test_BLEU_2    : 0.26022541937696597
	test_BLEU_3    : 0.18004242194674666
	test_BLEU_4    : 0.13341067867985762
	test_METEOR    : 0.17223022513790112
	test_ROUGE_L   : 0.32964735699314784
Saving checkpoint: results/iu_xray_debug/current_checkpoint.pth ...
	epoch          : 42
	train_loss     : 0.1955745701606457
	val_BLEU_1     : 0.4128689979264317
	val_BLEU_2     : 0.24002677784030954
	val_BLEU_3     : 0.1544113027947152
	val_BLEU_4     : 0.10522239669054184
	val_METEOR     : 0.1597981387864272
	val_ROUGE_L    : 0.31045344882776504
	test_BLEU_1    : 0.41355724567401286
	test_BLEU_2    : 0.2471288347891093
	test_BLEU_3    : 0.16551829086561407
	test_BLEU_4    : 0.11729910845335502
	test_METEOR    : 0.17095214124759459
	test_ROUGE_L   : 0.31783380331494965
Saving checkpoint: results/iu_xray_debug/current_checkpoint.pth ...
	epoch          : 43
	train_loss     : 0.189632715514073
	val_BLEU_1     : 0.4124937911252929
	val_BLEU_2     : 0.24770397712792552
	val_BLEU_3     : 0.16576366769951106
	val_BLEU_4     : 0.11741375257592508
	val_METEOR     : 0.1608992860733257
	val_ROUGE_L    : 0.31358933374003567
	test_BLEU_1    : 0.4230889888110204
	test_BLEU_2    : 0.26062994619821256
	test_BLEU_3    : 0.18043643065721793
	test_BLEU_4    : 0.13390958419934437
	test_METEOR    : 0.17287901413494186
	test_ROUGE_L   : 0.3258540758213343
Saving checkpoint: results/iu_xray_debug/current_checkpoint.pth ...
	epoch          : 44
	train_loss     : 0.18240648955106736
	val_BLEU_1     : 0.38644535414623143
	val_BLEU_2     : 0.23103257285025022
	val_BLEU_3     : 0.1548829836317863
	val_BLEU_4     : 0.11143288992366294
	val_METEOR     : 0.15489253352219415
	val_ROUGE_L    : 0.3103414859735997
	test_BLEU_1    : 0.409510721562811
	test_BLEU_2    : 0.24519295499124352
	test_BLEU_3    : 0.16397511081286859
	test_BLEU_4    : 0.11841959207824224
	test_METEOR    : 0.16366194968053274
	test_ROUGE_L   : 0.32486740597651365
Saving checkpoint: results/iu_xray_debug/current_checkpoint.pth ...
	epoch          : 45
	train_loss     : 0.17634180085017132
	val_BLEU_1     : 0.4085008962442984
	val_BLEU_2     : 0.2426309017597564
	val_BLEU_3     : 0.15897972663529947
	val_BLEU_4     : 0.11083983756213982
	val_METEOR     : 0.16489605710355998
	val_ROUGE_L    : 0.31642019773541397
	test_BLEU_1    : 0.436638075408391
	test_BLEU_2    : 0.26508713379508875
	test_BLEU_3    : 0.17777139437081296
	test_BLEU_4    : 0.1275202300882962
	test_METEOR    : 0.17446616722886307
	test_ROUGE_L   : 0.3305214003652057
Saving checkpoint: results/iu_xray_debug/current_checkpoint.pth ...
	epoch          : 46
	train_loss     : 0.17083674394167386
	val_BLEU_1     : 0.4073417800098518
	val_BLEU_2     : 0.23816884284986795
	val_BLEU_3     : 0.15657019472934672
	val_BLEU_4     : 0.1104956169672382
	val_METEOR     : 0.16108558928082664
	val_ROUGE_L    : 0.31432901924454426
	test_BLEU_1    : 0.4297659796397525
	test_BLEU_2    : 0.2613086748978489
	test_BLEU_3    : 0.17843509429593596
	test_BLEU_4    : 0.1307110314450403
	test_METEOR    : 0.1708232554940076
	test_ROUGE_L   : 0.3317716240740214
Saving checkpoint: results/iu_xray_debug/current_checkpoint.pth ...
	epoch          : 47
	train_loss     : 0.17126201437069818
	val_BLEU_1     : 0.4058490868485939
	val_BLEU_2     : 0.24644481057144
	val_BLEU_3     : 0.16560797970658386
	val_BLEU_4     : 0.11739977759576119
	val_METEOR     : 0.16023351797391
	val_ROUGE_L    : 0.32231724190588107
	test_BLEU_1    : 0.41796152013097476
	test_BLEU_2    : 0.2508867810103023
	test_BLEU_3    : 0.16826440403912915
	test_BLEU_4    : 0.11965165238798506
	test_METEOR    : 0.16519197088409446
	test_ROUGE_L   : 0.32759993999654263
Saving checkpoint: results/iu_xray_debug/current_checkpoint.pth ...
	epoch          : 48
	train_loss     : 0.1612981210534389
	val_BLEU_1     : 0.410533774568373
	val_BLEU_2     : 0.23702207098857392
	val_BLEU_3     : 0.15385902967925116
	val_BLEU_4     : 0.1065792511574714
	val_METEOR     : 0.16337203212389792
	val_ROUGE_L    : 0.30657681265025116
	test_BLEU_1    : 0.40810464221593185
	test_BLEU_2    : 0.24316073236234662
	test_BLEU_3    : 0.16330418105102404
	test_BLEU_4    : 0.1181461880734753
	test_METEOR    : 0.17137989022337402
	test_ROUGE_L   : 0.31971951995123893
Saving checkpoint: results/iu_xray_debug/current_checkpoint.pth ...
	epoch          : 49
	train_loss     : 0.15437884640235167
	val_BLEU_1     : 0.3954592413574463
	val_BLEU_2     : 0.23262632819088785
	val_BLEU_3     : 0.15141883897981898
	val_BLEU_4     : 0.10335100593566654
	val_METEOR     : 0.15637563039195526
	val_ROUGE_L    : 0.3056068911094081
	test_BLEU_1    : 0.4163704787789872
	test_BLEU_2    : 0.24841055249984823
	test_BLEU_3    : 0.1665077369353814
	test_BLEU_4    : 0.11815493601575186
	test_METEOR    : 0.16929656673474663
	test_ROUGE_L   : 0.3166362745048754
Saving checkpoint: results/iu_xray_debug/current_checkpoint.pth ...
	epoch          : 50
	train_loss     : 0.15188916927346816
	val_BLEU_1     : 0.416183322240143
	val_BLEU_2     : 0.24398848396333042
	val_BLEU_3     : 0.1586697449299628
	val_BLEU_4     : 0.11023964233007007
	val_METEOR     : 0.16289958627336912
	val_ROUGE_L    : 0.30457149100562186
	test_BLEU_1    : 0.4061841524966724
	test_BLEU_2    : 0.24430829802844467
	test_BLEU_3    : 0.16342434146176554
	test_BLEU_4    : 0.11629373390442814
	test_METEOR    : 0.17428266130768616
	test_ROUGE_L   : 0.318191697253635
Saving checkpoint: results/iu_xray_debug/current_checkpoint.pth ...
	epoch          : 51
	train_loss     : 0.15043802118072144
	val_BLEU_1     : 0.40204008084611653
	val_BLEU_2     : 0.24314535247662059
	val_BLEU_3     : 0.16481136981303857
	val_BLEU_4     : 0.11755731679051827
	val_METEOR     : 0.16090692960274067
	val_ROUGE_L    : 0.3087913162821443
	test_BLEU_1    : 0.43170933734342587
	test_BLEU_2    : 0.2631476086526945
	test_BLEU_3    : 0.17919993558080222
	test_BLEU_4    : 0.13014980354624875
	test_METEOR    : 0.17414885704835073
	test_ROUGE_L   : 0.32960582585773374
Saving checkpoint: results/iu_xray_debug/current_checkpoint.pth ...
	epoch          : 52
	train_loss     : 0.14190119218367797
	val_BLEU_1     : 0.3981557564137316
	val_BLEU_2     : 0.23712495778402018
	val_BLEU_3     : 0.15543649142644325
	val_BLEU_4     : 0.1091207124479258
	val_METEOR     : 0.16601928148522715
	val_ROUGE_L    : 0.29688493953713524
	test_BLEU_1    : 0.3957263300707241
	test_BLEU_2    : 0.23141251579844907
	test_BLEU_3    : 0.14970158482346235
	test_BLEU_4    : 0.1034852040417525
	test_METEOR    : 0.17167556048263766
	test_ROUGE_L   : 0.31124656624739805
Saving checkpoint: results/iu_xray_debug/current_checkpoint.pth ...
	epoch          : 53
	train_loss     : 0.14343278448169047
	val_BLEU_1     : 0.40156113355724915
	val_BLEU_2     : 0.24294199203905395
	val_BLEU_3     : 0.16357020156969188
	val_BLEU_4     : 0.1185528525950275
	val_METEOR     : 0.16007036052531426
	val_ROUGE_L    : 0.31304183856608797
	test_BLEU_1    : 0.4330940908637946
	test_BLEU_2    : 0.26582530820316275
	test_BLEU_3    : 0.18131806500106573
	test_BLEU_4    : 0.13211165850792023
	test_METEOR    : 0.17406418428059525
	test_ROUGE_L   : 0.3268957531867871
Saving checkpoint: results/iu_xray_debug/current_checkpoint.pth ...
	epoch          : 54
	train_loss     : 0.13991191771167974
	val_BLEU_1     : 0.40666390498072813
	val_BLEU_2     : 0.24050729546913707
	val_BLEU_3     : 0.15925562163800414
	val_BLEU_4     : 0.11389145590163446
	val_METEOR     : 0.15901615010709597
	val_ROUGE_L    : 0.3061314391310512
	test_BLEU_1    : 0.4229345843106373
	test_BLEU_2    : 0.25509235163565736
	test_BLEU_3    : 0.17425327211109862
	test_BLEU_4    : 0.12873509101973005
	test_METEOR    : 0.17247558161772827
	test_ROUGE_L   : 0.32599228115671636
Saving checkpoint: results/iu_xray_debug/current_checkpoint.pth ...
	epoch          : 55
	train_loss     : 0.13565692271177585
	val_BLEU_1     : 0.4100499125005005
	val_BLEU_2     : 0.24124184521077796
	val_BLEU_3     : 0.1565416098546348
	val_BLEU_4     : 0.11014281285517134
	val_METEOR     : 0.16368869208947676
	val_ROUGE_L    : 0.3130116815339184
	test_BLEU_1    : 0.4189239332096253
	test_BLEU_2    : 0.2502987664251909
	test_BLEU_3    : 0.16525727762483117
	test_BLEU_4    : 0.11587996229353181
	test_METEOR    : 0.16760604555545627
	test_ROUGE_L   : 0.31890132502519974
Saving checkpoint: results/iu_xray_debug/current_checkpoint.pth ...
	epoch          : 56
	train_loss     : 0.13115131620031137
	val_BLEU_1     : 0.40949719248199884
	val_BLEU_2     : 0.24416628334348733
	val_BLEU_3     : 0.1628347172675702
	val_BLEU_4     : 0.11692495877943725
	val_METEOR     : 0.15973052986981562
	val_ROUGE_L    : 0.320915626062308
	test_BLEU_1    : 0.42663645259306654
	test_BLEU_2    : 0.25990785587479426
	test_BLEU_3    : 0.17863834158819106
	test_BLEU_4    : 0.13168936620949254
	test_METEOR    : 0.17498330067969062
	test_ROUGE_L   : 0.33250084164717225
Saving checkpoint: results/iu_xray_debug/current_checkpoint.pth ...
	epoch          : 57
	train_loss     : 0.12923660559149888
	val_BLEU_1     : 0.40485201358559875
	val_BLEU_2     : 0.23385203471434976
	val_BLEU_3     : 0.14979629878068498
	val_BLEU_4     : 0.10256238063440375
	val_METEOR     : 0.1571441628063943
	val_ROUGE_L    : 0.297252259224174
	test_BLEU_1    : 0.40316462014573207
	test_BLEU_2    : 0.2404333929928804
	test_BLEU_3    : 0.1589592436934508
	test_BLEU_4    : 0.11213665286390159
	test_METEOR    : 0.16978686141319152
	test_ROUGE_L   : 0.3138492913405164
Saving checkpoint: results/iu_xray_debug/current_checkpoint.pth ...
	epoch          : 58
	train_loss     : 0.1247866385258161
	val_BLEU_1     : 0.40934199050291603
	val_BLEU_2     : 0.23860287385915735
	val_BLEU_3     : 0.1526717444582139
	val_BLEU_4     : 0.10262812567914349
	val_METEOR     : 0.16085624184717262
	val_ROUGE_L    : 0.30395391738217176
	test_BLEU_1    : 0.4068396822987602
	test_BLEU_2    : 0.2448541097822135
	test_BLEU_3    : 0.1657209840708948
	test_BLEU_4    : 0.1204381095604411
	test_METEOR    : 0.17092070988951436
	test_ROUGE_L   : 0.3177754213327599
Saving checkpoint: results/iu_xray_debug/current_checkpoint.pth ...
	epoch          : 59
	train_loss     : 0.11970887608253039
	val_BLEU_1     : 0.39639142041789593
	val_BLEU_2     : 0.22411790687584218
	val_BLEU_3     : 0.1389015146751696
	val_BLEU_4     : 0.0910672037124814
	val_METEOR     : 0.15806311075452043
	val_ROUGE_L    : 0.29314923142418764
	test_BLEU_1    : 0.40056397266164506
	test_BLEU_2    : 0.2335590447595117
	test_BLEU_3    : 0.14989758877785614
	test_BLEU_4    : 0.10243075322969565
	test_METEOR    : 0.1735736024927765
	test_ROUGE_L   : 0.3160215650526153
Saving checkpoint: results/iu_xray_debug/current_checkpoint.pth ...
	epoch          : 60
	train_loss     : 0.1213240238909538
	val_BLEU_1     : 0.4047061812431001
	val_BLEU_2     : 0.23524858727608633
	val_BLEU_3     : 0.14857932889037262
	val_BLEU_4     : 0.10064233326522404
	val_METEOR     : 0.16125741971700708
	val_ROUGE_L    : 0.30086218659509983
	test_BLEU_1    : 0.3971422780705109
	test_BLEU_2    : 0.2304829602643999
	test_BLEU_3    : 0.1488929712678123
	test_BLEU_4    : 0.10272140588903048
	test_METEOR    : 0.16600727938055754
	test_ROUGE_L   : 0.3043320270826203
Saving checkpoint: results/iu_xray_debug/current_checkpoint.pth ...
	epoch          : 61
	train_loss     : 0.11365661363189038
	val_BLEU_1     : 0.40635816476448283
	val_BLEU_2     : 0.2407437472288224
	val_BLEU_3     : 0.15881453962928868
	val_BLEU_4     : 0.11225710925344293
	val_METEOR     : 0.164303526608037
	val_ROUGE_L    : 0.30724800623597
	test_BLEU_1    : 0.4140389218440829
	test_BLEU_2    : 0.2485316729794109
	test_BLEU_3    : 0.1667905598286674
	test_BLEU_4    : 0.11915423646187225
	test_METEOR    : 0.16982951365754026
	test_ROUGE_L   : 0.3170498728665929
Saving checkpoint: results/iu_xray_debug/current_checkpoint.pth ...
	epoch          : 62
	train_loss     : 0.11086600491633782
	val_BLEU_1     : 0.4127225978477847
	val_BLEU_2     : 0.24597355418056638
	val_BLEU_3     : 0.1617434663816964
	val_BLEU_4     : 0.11387310556165675
	val_METEOR     : 0.16534489838133762
	val_ROUGE_L    : 0.3001497225144775
	test_BLEU_1    : 0.4000703729767568
	test_BLEU_2    : 0.23235306458639504
	test_BLEU_3    : 0.15004759076777935
	test_BLEU_4    : 0.10368267154408427
	test_METEOR    : 0.16769944443782592
	test_ROUGE_L   : 0.30542163759408136
Saving checkpoint: results/iu_xray_debug/current_checkpoint.pth ...
	epoch          : 63
	train_loss     : 0.10364678972042524
	val_BLEU_1     : 0.4032882352322767
	val_BLEU_2     : 0.24031645777613012
	val_BLEU_3     : 0.15647095676063727
	val_BLEU_4     : 0.10807139046371539
	val_METEOR     : 0.1626214154231744
	val_ROUGE_L    : 0.3098551221463259
	test_BLEU_1    : 0.4159254327563027
	test_BLEU_2    : 0.24845773865413
	test_BLEU_3    : 0.16524141980489498
	test_BLEU_4    : 0.11715467310057329
	test_METEOR    : 0.16889552459064963
	test_ROUGE_L   : 0.31728394807970234
Saving checkpoint: results/iu_xray_debug/current_checkpoint.pth ...
	epoch          : 64
	train_loss     : 0.10627869430642861
	val_BLEU_1     : 0.40448140530405885
	val_BLEU_2     : 0.22774249648031467
	val_BLEU_3     : 0.1410360851946236
	val_BLEU_4     : 0.0928285495331239
	val_METEOR     : 0.15682914098643938
	val_ROUGE_L    : 0.2961892199041211
	test_BLEU_1    : 0.4117921593030278
	test_BLEU_2    : 0.24630310421567103
	test_BLEU_3    : 0.16423494207869355
	test_BLEU_4    : 0.11700579907219354
	test_METEOR    : 0.1693072686811875
	test_ROUGE_L   : 0.3151039808386434
Saving checkpoint: results/iu_xray_debug/current_checkpoint.pth ...
	epoch          : 65
	train_loss     : 0.10244933063021074
	val_BLEU_1     : 0.40576628935700476
	val_BLEU_2     : 0.23621795374869703
	val_BLEU_3     : 0.15039810200464923
	val_BLEU_4     : 0.10135425638804409
	val_METEOR     : 0.16159027013016442
	val_ROUGE_L    : 0.3065515374350405
	test_BLEU_1    : 0.4137549989475682
	test_BLEU_2    : 0.24644532288852558
	test_BLEU_3    : 0.16477838340479706
	test_BLEU_4    : 0.11902098214335614
	test_METEOR    : 0.16932139138278163
	test_ROUGE_L   : 0.3131215262682265
Saving checkpoint: results/iu_xray_debug/current_checkpoint.pth ...
	epoch          : 66
	train_loss     : 0.09812649605939021
	val_BLEU_1     : 0.4060036097653267
	val_BLEU_2     : 0.23721602299291672
	val_BLEU_3     : 0.15158809496486902
	val_BLEU_4     : 0.10271373111298435
	val_METEOR     : 0.16040034501263417
	val_ROUGE_L    : 0.29861729622316047
	test_BLEU_1    : 0.40955086984694633
	test_BLEU_2    : 0.2423357599365395
	test_BLEU_3    : 0.16109043791055863
	test_BLEU_4    : 0.11624643793911475
	test_METEOR    : 0.1730762214410703
	test_ROUGE_L   : 0.3164045192154332
Saving checkpoint: results/iu_xray_debug/current_checkpoint.pth ...
	epoch          : 67
	train_loss     : 0.09442272455646442
	val_BLEU_1     : 0.40169916703892056
	val_BLEU_2     : 0.23452982485979376
	val_BLEU_3     : 0.15314256991077327
	val_BLEU_4     : 0.10593342436505536
	val_METEOR     : 0.15951950480484486
	val_ROUGE_L    : 0.30230021670300317
	test_BLEU_1    : 0.4187724663473525
	test_BLEU_2    : 0.25246125179742956
	test_BLEU_3    : 0.17058019958360124
	test_BLEU_4    : 0.12247582695827293
	test_METEOR    : 0.16854281909392302
	test_ROUGE_L   : 0.32028184988708586
Saving checkpoint: results/iu_xray_debug/current_checkpoint.pth ...
	epoch          : 68
	train_loss     : 0.09266015216708183
	val_BLEU_1     : 0.397109411588963
	val_BLEU_2     : 0.23183753199462484
	val_BLEU_3     : 0.1507259548940391
	val_BLEU_4     : 0.10487600760961625
	val_METEOR     : 0.1588263770081997
	val_ROUGE_L    : 0.29533387344309636
	test_BLEU_1    : 0.4111430325654458
	test_BLEU_2    : 0.2427021396356457
	test_BLEU_3    : 0.1608315830228619
	test_BLEU_4    : 0.11506816466653995
	test_METEOR    : 0.1646363837621784
	test_ROUGE_L   : 0.310979202682087
Saving checkpoint: results/iu_xray_debug/current_checkpoint.pth ...
	epoch          : 69
	train_loss     : 0.09248640095958342
	val_BLEU_1     : 0.3979539418156564
	val_BLEU_2     : 0.22943528248004166
	val_BLEU_3     : 0.14565414777556912
	val_BLEU_4     : 0.09835700379314286
	val_METEOR     : 0.1575728894221469
	val_ROUGE_L    : 0.30071770499989736
	test_BLEU_1    : 0.4062325250368356
	test_BLEU_2    : 0.23725616476844136
	test_BLEU_3    : 0.1537968732149427
	test_BLEU_4    : 0.10581874278074103
	test_METEOR    : 0.1689191030595284
	test_ROUGE_L   : 0.31518042168544375
Saving checkpoint: results/iu_xray_debug/current_checkpoint.pth ...
	epoch          : 70
	train_loss     : 0.08735929524096159
	val_BLEU_1     : 0.41403770383890565
	val_BLEU_2     : 0.24674557247899573
	val_BLEU_3     : 0.16181824719170498
	val_BLEU_4     : 0.1145703160177946
	val_METEOR     : 0.16407453796869506
	val_ROUGE_L    : 0.3080077316611012
	test_BLEU_1    : 0.4148057346905924
	test_BLEU_2    : 0.23969041669908253
	test_BLEU_3    : 0.15387252389974423
	test_BLEU_4    : 0.10582597055922757
	test_METEOR    : 0.16592743634796792
	test_ROUGE_L   : 0.3068933629507421
Saving checkpoint: results/iu_xray_debug/current_checkpoint.pth ...
	epoch          : 71
	train_loss     : 0.08355163123745185
	val_BLEU_1     : 0.4071074695121563
	val_BLEU_2     : 0.2354537286777757
	val_BLEU_3     : 0.15132025136058383
	val_BLEU_4     : 0.10452532832078508
	val_METEOR     : 0.16331556423439988
	val_ROUGE_L    : 0.3000887744236022
	test_BLEU_1    : 0.39674465920649143
	test_BLEU_2    : 0.23274619491746218
	test_BLEU_3    : 0.15217023129652782
	test_BLEU_4    : 0.10653671790302045
	test_METEOR    : 0.17125027793941708
	test_ROUGE_L   : 0.3096951786152891
Saving checkpoint: results/iu_xray_debug/current_checkpoint.pth ...
	epoch          : 72
	train_loss     : 0.08255197368562221
	val_BLEU_1     : 0.4044888586697347
	val_BLEU_2     : 0.2367051252757943
	val_BLEU_3     : 0.15279209917978956
	val_BLEU_4     : 0.10567942088981795
	val_METEOR     : 0.1607864496348391
	val_ROUGE_L    : 0.3011333569567435
	test_BLEU_1    : 0.4049920720167559
	test_BLEU_2    : 0.24231483964734182
	test_BLEU_3    : 0.16255818125349344
	test_BLEU_4    : 0.11723823362322779
	test_METEOR    : 0.168847830618929
	test_ROUGE_L   : 0.31267034990868475
Saving checkpoint: results/iu_xray_debug/current_checkpoint.pth ...
	epoch          : 73
	train_loss     : 0.07863627434349978
	val_BLEU_1     : 0.4069990412271901
	val_BLEU_2     : 0.23584742003206394
	val_BLEU_3     : 0.15166319535891232
	val_BLEU_4     : 0.10456521540960571
	val_METEOR     : 0.16439059798257047
	val_ROUGE_L    : 0.2960325502066349
	test_BLEU_1    : 0.41476855253487904
	test_BLEU_2    : 0.2460020977370657
	test_BLEU_3    : 0.16201249202819185
	test_BLEU_4    : 0.11406369125758027
	test_METEOR    : 0.1685368651859879
	test_ROUGE_L   : 0.3146181709856223
Saving checkpoint: results/iu_xray_debug/current_checkpoint.pth ...
	epoch          : 74
	train_loss     : 0.08375894900124807
	val_BLEU_1     : 0.42195786777625477
	val_BLEU_2     : 0.25295606143600946
	val_BLEU_3     : 0.16675482929129454
	val_BLEU_4     : 0.11724664704680589
	val_METEOR     : 0.16608850925025445
	val_ROUGE_L    : 0.31491313361210493
	test_BLEU_1    : 0.4171463192971616
	test_BLEU_2    : 0.24882125344402978
	test_BLEU_3    : 0.16623448813982286
	test_BLEU_4    : 0.11806928294333911
	test_METEOR    : 0.17465178624247985
	test_ROUGE_L   : 0.31677185511986383
Saving checkpoint: results/iu_xray_debug/current_checkpoint.pth ...
	epoch          : 75
	train_loss     : 0.07896596456949527
	val_BLEU_1     : 0.4028566673343139
	val_BLEU_2     : 0.22809823622855113
	val_BLEU_3     : 0.1418318299595557
	val_BLEU_4     : 0.09361407314069073
	val_METEOR     : 0.15510952599273484
	val_ROUGE_L    : 0.29169489945723215
	test_BLEU_1    : 0.40640834575258783
	test_BLEU_2    : 0.2421829602480438
	test_BLEU_3    : 0.15921543995971923
	test_BLEU_4    : 0.11145639573182257
	test_METEOR    : 0.171871679879315
	test_ROUGE_L   : 0.31552412662052676
Saving checkpoint: results/iu_xray_debug/current_checkpoint.pth ...
	epoch          : 76
	train_loss     : 0.07927926334624107
	val_BLEU_1     : 0.3988303305885882
	val_BLEU_2     : 0.23266922227133918
	val_BLEU_3     : 0.14795396944938852
	val_BLEU_4     : 0.09815984402553474
	val_METEOR     : 0.15700901374441664
	val_ROUGE_L    : 0.30170486630600474
	test_BLEU_1    : 0.40816220160531597
	test_BLEU_2    : 0.24451762834784632
	test_BLEU_3    : 0.1635709482377187
	test_BLEU_4    : 0.11613875498151953
	test_METEOR    : 0.16658696756455563
	test_ROUGE_L   : 0.31192951714292083
Saving checkpoint: results/iu_xray_debug/current_checkpoint.pth ...
	epoch          : 77
	train_loss     : 0.07292309767351701
	val_BLEU_1     : 0.40036475344079075
	val_BLEU_2     : 0.23243595753456975
	val_BLEU_3     : 0.1474248135282334
	val_BLEU_4     : 0.09966141441174708
	val_METEOR     : 0.15798984014625095
	val_ROUGE_L    : 0.2986548358897365
	test_BLEU_1    : 0.41221935958775896
	test_BLEU_2    : 0.24013461291442503
	test_BLEU_3    : 0.15499957247044285
	test_BLEU_4    : 0.10725610296412891
	test_METEOR    : 0.16612707284460476
	test_ROUGE_L   : 0.31082721720650114
Validation performance didn't improve for 50 epochs. Training stops.
Best results (w.r.t BLEU_4) in validation set:
	val_BLEU_4     : 0.1407962617522276
	epoch          : 26
	train_loss     : 0.3743950234009669
	val_BLEU_1     : 0.40696335338024636
	val_BLEU_2     : 0.25995820211076986
	val_BLEU_3     : 0.18479331564980445
	val_METEOR     : 0.16917713337603363
	val_ROUGE_L    : 0.3461290848422185
	test_BLEU_1    : 0.43774897823896525
	test_BLEU_2    : 0.2780719537167709
	test_BLEU_3    : 0.19682526964557542
	test_BLEU_4    : 0.1491897630345485
	test_METEOR    : 0.18079229087371962
	test_ROUGE_L   : 0.3587188092534135
Best results (w.r.t BLEU_4) in test set:
	test_BLEU_4    : 0.17548193301093243
	epoch          : 19
	train_loss     : 0.6454388739971014
	val_BLEU_1     : 0.4352248012097599
	val_BLEU_2     : 0.2569554841383673
	val_BLEU_3     : 0.171918631159823
	val_BLEU_4     : 0.1232486273519148
	val_METEOR     : 0.1663475976115966
	val_ROUGE_L    : 0.3233608840249906
	test_BLEU_1    : 0.4690315605210076
	test_BLEU_2    : 0.3040911316612782
	test_BLEU_3    : 0.22371871824633072
	test_METEOR    : 0.19510072951312837
	test_ROUGE_L   : 0.36647165991287156
